2024-02-12 13:10:53,243 [Worker-4: Loading available Gradle versions] INFO  o.e.b.c.i.u.g.PublishedGradleVersions - Gradle version information cache is out-of-date. Trying to update.
2024-02-12 14:53:36,616 [Worker-1: Loading available Gradle versions] INFO  o.e.b.c.i.u.g.PublishedGradleVersions - Gradle version information cache is up-to-date. Trying to read.
2024-02-12 14:55:09,953 [Worker-7: Launching mavenrun-b0adc0d8-5133-4290-85d7-babcf7dee08d] INFO  o.eclipse.m2e.core.internal.Bundles - getClasspathEntries(Bundle=org.eclipse.m2e.maven.runtime_3.8.604.20221130-2149 [270])
2024-02-12 14:55:09,959 [Worker-7: Launching mavenrun-b0adc0d8-5133-4290-85d7-babcf7dee08d] INFO  o.eclipse.m2e.core.internal.Bundles - 	Entry: C:\Users\Vishal Jadhav\Downloads\eclipse-java-2022-12-R-win32-x86_64\eclipse\plugins\org.eclipse.m2e.maven.runtime_3.8.604.20221130-2149
2024-02-12 14:55:09,960 [Worker-7: Launching mavenrun-b0adc0d8-5133-4290-85d7-babcf7dee08d] INFO  o.eclipse.m2e.core.internal.Bundles - 	Entry: C:\Users\Vishal Jadhav\Downloads\eclipse-java-2022-12-R-win32-x86_64\eclipse\plugins\org.eclipse.m2e.maven.runtime_3.8.604.20221130-2149\jars\aether-connector-okhttp-0.17.8.jar
2024-02-12 14:55:09,960 [Worker-7: Launching mavenrun-b0adc0d8-5133-4290-85d7-babcf7dee08d] INFO  o.eclipse.m2e.core.internal.Bundles - 	Entry: C:\Users\Vishal Jadhav\Downloads\eclipse-java-2022-12-R-win32-x86_64\eclipse\plugins\org.eclipse.m2e.maven.runtime_3.8.604.20221130-2149\jars\commons-cli-1.4.jar
2024-02-12 14:55:09,960 [Worker-7: Launching mavenrun-b0adc0d8-5133-4290-85d7-babcf7dee08d] INFO  o.eclipse.m2e.core.internal.Bundles - 	Entry: C:\Users\Vishal Jadhav\Downloads\eclipse-java-2022-12-R-win32-x86_64\eclipse\plugins\org.eclipse.m2e.maven.runtime_3.8.604.20221130-2149\jars\commons-io-2.6.jar
2024-02-12 14:55:09,961 [Worker-7: Launching mavenrun-b0adc0d8-5133-4290-85d7-babcf7dee08d] INFO  o.eclipse.m2e.core.internal.Bundles - 	Entry: C:\Users\Vishal Jadhav\Downloads\eclipse-java-2022-12-R-win32-x86_64\eclipse\plugins\org.eclipse.m2e.maven.runtime_3.8.604.20221130-2149\jars\commons-lang3-3.8.1.jar
2024-02-12 14:55:09,961 [Worker-7: Launching mavenrun-b0adc0d8-5133-4290-85d7-babcf7dee08d] INFO  o.eclipse.m2e.core.internal.Bundles - 	Entry: C:\Users\Vishal Jadhav\Downloads\eclipse-java-2022-12-R-win32-x86_64\eclipse\plugins\org.eclipse.m2e.maven.runtime_3.8.604.20221130-2149\jars\guice-4.2.2-no_aop.jar
2024-02-12 14:55:09,961 [Worker-7: Launching mavenrun-b0adc0d8-5133-4290-85d7-babcf7dee08d] INFO  o.eclipse.m2e.core.internal.Bundles - 	Entry: C:\Users\Vishal Jadhav\Downloads\eclipse-java-2022-12-R-win32-x86_64\eclipse\plugins\org.eclipse.m2e.maven.runtime_3.8.604.20221130-2149\jars\jansi-2.4.0.jar
2024-02-12 14:55:09,961 [Worker-7: Launching mavenrun-b0adc0d8-5133-4290-85d7-babcf7dee08d] INFO  o.eclipse.m2e.core.internal.Bundles - 	Entry: C:\Users\Vishal Jadhav\Downloads\eclipse-java-2022-12-R-win32-x86_64\eclipse\plugins\org.eclipse.m2e.maven.runtime_3.8.604.20221130-2149\jars\maven-artifact-3.8.6.jar
2024-02-12 14:55:09,963 [Worker-7: Launching mavenrun-b0adc0d8-5133-4290-85d7-babcf7dee08d] INFO  o.eclipse.m2e.core.internal.Bundles - 	Entry: C:\Users\Vishal Jadhav\Downloads\eclipse-java-2022-12-R-win32-x86_64\eclipse\plugins\org.eclipse.m2e.maven.runtime_3.8.604.20221130-2149\jars\maven-builder-support-3.8.6.jar
2024-02-12 14:55:09,963 [Worker-7: Launching mavenrun-b0adc0d8-5133-4290-85d7-babcf7dee08d] INFO  o.eclipse.m2e.core.internal.Bundles - 	Entry: C:\Users\Vishal Jadhav\Downloads\eclipse-java-2022-12-R-win32-x86_64\eclipse\plugins\org.eclipse.m2e.maven.runtime_3.8.604.20221130-2149\jars\maven-compat-3.8.6.jar
2024-02-12 14:55:09,963 [Worker-7: Launching mavenrun-b0adc0d8-5133-4290-85d7-babcf7dee08d] INFO  o.eclipse.m2e.core.internal.Bundles - 	Entry: C:\Users\Vishal Jadhav\Downloads\eclipse-java-2022-12-R-win32-x86_64\eclipse\plugins\org.eclipse.m2e.maven.runtime_3.8.604.20221130-2149\jars\maven-core-3.8.6.jar
2024-02-12 14:55:09,964 [Worker-7: Launching mavenrun-b0adc0d8-5133-4290-85d7-babcf7dee08d] INFO  o.eclipse.m2e.core.internal.Bundles - 	Entry: C:\Users\Vishal Jadhav\Downloads\eclipse-java-2022-12-R-win32-x86_64\eclipse\plugins\org.eclipse.m2e.maven.runtime_3.8.604.20221130-2149\jars\maven-embedder-3.8.6.jar
2024-02-12 14:55:09,964 [Worker-7: Launching mavenrun-b0adc0d8-5133-4290-85d7-babcf7dee08d] INFO  o.eclipse.m2e.core.internal.Bundles - 	Entry: C:\Users\Vishal Jadhav\Downloads\eclipse-java-2022-12-R-win32-x86_64\eclipse\plugins\org.eclipse.m2e.maven.runtime_3.8.604.20221130-2149\jars\maven-model-3.8.6.jar
2024-02-12 14:55:09,964 [Worker-7: Launching mavenrun-b0adc0d8-5133-4290-85d7-babcf7dee08d] INFO  o.eclipse.m2e.core.internal.Bundles - 	Entry: C:\Users\Vishal Jadhav\Downloads\eclipse-java-2022-12-R-win32-x86_64\eclipse\plugins\org.eclipse.m2e.maven.runtime_3.8.604.20221130-2149\jars\maven-model-builder-3.8.6.jar
2024-02-12 14:55:09,964 [Worker-7: Launching mavenrun-b0adc0d8-5133-4290-85d7-babcf7dee08d] INFO  o.eclipse.m2e.core.internal.Bundles - 	Entry: C:\Users\Vishal Jadhav\Downloads\eclipse-java-2022-12-R-win32-x86_64\eclipse\plugins\org.eclipse.m2e.maven.runtime_3.8.604.20221130-2149\jars\maven-plugin-api-3.8.6.jar
2024-02-12 14:55:09,965 [Worker-7: Launching mavenrun-b0adc0d8-5133-4290-85d7-babcf7dee08d] INFO  o.eclipse.m2e.core.internal.Bundles - 	Entry: C:\Users\Vishal Jadhav\Downloads\eclipse-java-2022-12-R-win32-x86_64\eclipse\plugins\org.eclipse.m2e.maven.runtime_3.8.604.20221130-2149\jars\maven-repository-metadata-3.8.6.jar
2024-02-12 14:55:09,965 [Worker-7: Launching mavenrun-b0adc0d8-5133-4290-85d7-babcf7dee08d] INFO  o.eclipse.m2e.core.internal.Bundles - 	Entry: C:\Users\Vishal Jadhav\Downloads\eclipse-java-2022-12-R-win32-x86_64\eclipse\plugins\org.eclipse.m2e.maven.runtime_3.8.604.20221130-2149\jars\maven-resolver-api-1.6.3.jar
2024-02-12 14:55:09,965 [Worker-7: Launching mavenrun-b0adc0d8-5133-4290-85d7-babcf7dee08d] INFO  o.eclipse.m2e.core.internal.Bundles - 	Entry: C:\Users\Vishal Jadhav\Downloads\eclipse-java-2022-12-R-win32-x86_64\eclipse\plugins\org.eclipse.m2e.maven.runtime_3.8.604.20221130-2149\jars\maven-resolver-connector-basic-1.6.3.jar
2024-02-12 14:55:09,965 [Worker-7: Launching mavenrun-b0adc0d8-5133-4290-85d7-babcf7dee08d] INFO  o.eclipse.m2e.core.internal.Bundles - 	Entry: C:\Users\Vishal Jadhav\Downloads\eclipse-java-2022-12-R-win32-x86_64\eclipse\plugins\org.eclipse.m2e.maven.runtime_3.8.604.20221130-2149\jars\maven-resolver-impl-1.6.3.jar
2024-02-12 14:55:09,965 [Worker-7: Launching mavenrun-b0adc0d8-5133-4290-85d7-babcf7dee08d] INFO  o.eclipse.m2e.core.internal.Bundles - 	Entry: C:\Users\Vishal Jadhav\Downloads\eclipse-java-2022-12-R-win32-x86_64\eclipse\plugins\org.eclipse.m2e.maven.runtime_3.8.604.20221130-2149\jars\maven-resolver-provider-3.8.6.jar
2024-02-12 14:55:09,966 [Worker-7: Launching mavenrun-b0adc0d8-5133-4290-85d7-babcf7dee08d] INFO  o.eclipse.m2e.core.internal.Bundles - 	Entry: C:\Users\Vishal Jadhav\Downloads\eclipse-java-2022-12-R-win32-x86_64\eclipse\plugins\org.eclipse.m2e.maven.runtime_3.8.604.20221130-2149\jars\maven-resolver-spi-1.6.3.jar
2024-02-12 14:55:09,966 [Worker-7: Launching mavenrun-b0adc0d8-5133-4290-85d7-babcf7dee08d] INFO  o.eclipse.m2e.core.internal.Bundles - 	Entry: C:\Users\Vishal Jadhav\Downloads\eclipse-java-2022-12-R-win32-x86_64\eclipse\plugins\org.eclipse.m2e.maven.runtime_3.8.604.20221130-2149\jars\maven-resolver-transport-wagon-1.6.3.jar
2024-02-12 14:55:09,966 [Worker-7: Launching mavenrun-b0adc0d8-5133-4290-85d7-babcf7dee08d] INFO  o.eclipse.m2e.core.internal.Bundles - 	Entry: C:\Users\Vishal Jadhav\Downloads\eclipse-java-2022-12-R-win32-x86_64\eclipse\plugins\org.eclipse.m2e.maven.runtime_3.8.604.20221130-2149\jars\maven-resolver-util-1.6.3.jar
2024-02-12 14:55:09,966 [Worker-7: Launching mavenrun-b0adc0d8-5133-4290-85d7-babcf7dee08d] INFO  o.eclipse.m2e.core.internal.Bundles - 	Entry: C:\Users\Vishal Jadhav\Downloads\eclipse-java-2022-12-R-win32-x86_64\eclipse\plugins\org.eclipse.m2e.maven.runtime_3.8.604.20221130-2149\jars\maven-settings-3.8.6.jar
2024-02-12 14:55:09,966 [Worker-7: Launching mavenrun-b0adc0d8-5133-4290-85d7-babcf7dee08d] INFO  o.eclipse.m2e.core.internal.Bundles - 	Entry: C:\Users\Vishal Jadhav\Downloads\eclipse-java-2022-12-R-win32-x86_64\eclipse\plugins\org.eclipse.m2e.maven.runtime_3.8.604.20221130-2149\jars\maven-settings-builder-3.8.6.jar
2024-02-12 14:55:09,966 [Worker-7: Launching mavenrun-b0adc0d8-5133-4290-85d7-babcf7dee08d] INFO  o.eclipse.m2e.core.internal.Bundles - 	Entry: C:\Users\Vishal Jadhav\Downloads\eclipse-java-2022-12-R-win32-x86_64\eclipse\plugins\org.eclipse.m2e.maven.runtime_3.8.604.20221130-2149\jars\maven-shared-utils-3.3.4.jar
2024-02-12 14:55:09,967 [Worker-7: Launching mavenrun-b0adc0d8-5133-4290-85d7-babcf7dee08d] INFO  o.eclipse.m2e.core.internal.Bundles - 	Entry: C:\Users\Vishal Jadhav\Downloads\eclipse-java-2022-12-R-win32-x86_64\eclipse\plugins\org.eclipse.m2e.maven.runtime_3.8.604.20221130-2149\jars\okhttp-3.14.1.jar
2024-02-12 14:55:09,967 [Worker-7: Launching mavenrun-b0adc0d8-5133-4290-85d7-babcf7dee08d] INFO  o.eclipse.m2e.core.internal.Bundles - 	Entry: C:\Users\Vishal Jadhav\Downloads\eclipse-java-2022-12-R-win32-x86_64\eclipse\plugins\org.eclipse.m2e.maven.runtime_3.8.604.20221130-2149\jars\okio-1.17.3.jar
2024-02-12 14:55:09,967 [Worker-7: Launching mavenrun-b0adc0d8-5133-4290-85d7-babcf7dee08d] INFO  o.eclipse.m2e.core.internal.Bundles - 	Entry: C:\Users\Vishal Jadhav\Downloads\eclipse-java-2022-12-R-win32-x86_64\eclipse\plugins\org.eclipse.m2e.maven.runtime_3.8.604.20221130-2149\jars\org.eclipse.sisu.inject-0.3.5.jar
2024-02-12 14:55:09,967 [Worker-7: Launching mavenrun-b0adc0d8-5133-4290-85d7-babcf7dee08d] INFO  o.eclipse.m2e.core.internal.Bundles - 	Entry: C:\Users\Vishal Jadhav\Downloads\eclipse-java-2022-12-R-win32-x86_64\eclipse\plugins\org.eclipse.m2e.maven.runtime_3.8.604.20221130-2149\jars\org.eclipse.sisu.plexus-0.3.5.jar
2024-02-12 14:55:09,967 [Worker-7: Launching mavenrun-b0adc0d8-5133-4290-85d7-babcf7dee08d] INFO  o.eclipse.m2e.core.internal.Bundles - 	Entry: C:\Users\Vishal Jadhav\Downloads\eclipse-java-2022-12-R-win32-x86_64\eclipse\plugins\org.eclipse.m2e.maven.runtime_3.8.604.20221130-2149\jars\plexus-build-api-0.0.7.jar
2024-02-12 14:55:09,968 [Worker-7: Launching mavenrun-b0adc0d8-5133-4290-85d7-babcf7dee08d] INFO  o.eclipse.m2e.core.internal.Bundles - 	Entry: C:\Users\Vishal Jadhav\Downloads\eclipse-java-2022-12-R-win32-x86_64\eclipse\plugins\org.eclipse.m2e.maven.runtime_3.8.604.20221130-2149\jars\plexus-cipher-2.0.jar
2024-02-12 14:55:09,968 [Worker-7: Launching mavenrun-b0adc0d8-5133-4290-85d7-babcf7dee08d] INFO  o.eclipse.m2e.core.internal.Bundles - 	Entry: C:\Users\Vishal Jadhav\Downloads\eclipse-java-2022-12-R-win32-x86_64\eclipse\plugins\org.eclipse.m2e.maven.runtime_3.8.604.20221130-2149\jars\plexus-classworlds-2.6.0.jar
2024-02-12 14:55:09,968 [Worker-7: Launching mavenrun-b0adc0d8-5133-4290-85d7-babcf7dee08d] INFO  o.eclipse.m2e.core.internal.Bundles - 	Entry: C:\Users\Vishal Jadhav\Downloads\eclipse-java-2022-12-R-win32-x86_64\eclipse\plugins\org.eclipse.m2e.maven.runtime_3.8.604.20221130-2149\jars\plexus-component-annotations-2.1.0.jar
2024-02-12 14:55:09,968 [Worker-7: Launching mavenrun-b0adc0d8-5133-4290-85d7-babcf7dee08d] INFO  o.eclipse.m2e.core.internal.Bundles - 	Entry: C:\Users\Vishal Jadhav\Downloads\eclipse-java-2022-12-R-win32-x86_64\eclipse\plugins\org.eclipse.m2e.maven.runtime_3.8.604.20221130-2149\jars\plexus-interpolation-1.26.jar
2024-02-12 14:55:09,968 [Worker-7: Launching mavenrun-b0adc0d8-5133-4290-85d7-babcf7dee08d] INFO  o.eclipse.m2e.core.internal.Bundles - 	Entry: C:\Users\Vishal Jadhav\Downloads\eclipse-java-2022-12-R-win32-x86_64\eclipse\plugins\org.eclipse.m2e.maven.runtime_3.8.604.20221130-2149\jars\plexus-sec-dispatcher-2.0.jar
2024-02-12 14:55:09,969 [Worker-7: Launching mavenrun-b0adc0d8-5133-4290-85d7-babcf7dee08d] INFO  o.eclipse.m2e.core.internal.Bundles - 	Entry: C:\Users\Vishal Jadhav\Downloads\eclipse-java-2022-12-R-win32-x86_64\eclipse\plugins\org.eclipse.m2e.maven.runtime_3.8.604.20221130-2149\jars\plexus-utils-3.3.1.jar
2024-02-12 14:55:09,969 [Worker-7: Launching mavenrun-b0adc0d8-5133-4290-85d7-babcf7dee08d] INFO  o.eclipse.m2e.core.internal.Bundles - 	Entry: C:\Users\Vishal Jadhav\Downloads\eclipse-java-2022-12-R-win32-x86_64\eclipse\plugins\org.eclipse.m2e.maven.runtime_3.8.604.20221130-2149\jars\wagon-file-3.5.1.jar
2024-02-12 14:55:09,969 [Worker-7: Launching mavenrun-b0adc0d8-5133-4290-85d7-babcf7dee08d] INFO  o.eclipse.m2e.core.internal.Bundles - 	Entry: C:\Users\Vishal Jadhav\Downloads\eclipse-java-2022-12-R-win32-x86_64\eclipse\plugins\org.eclipse.m2e.maven.runtime_3.8.604.20221130-2149\jars\wagon-provider-api-3.5.1.jar
2024-02-12 14:55:09,972 [Worker-7: Launching mavenrun-b0adc0d8-5133-4290-85d7-babcf7dee08d] INFO  o.eclipse.m2e.core.internal.Bundles - getClasspathEntries(Bundle=com.google.guava_30.1.0.v20221112-0806 [8])
2024-02-12 14:55:09,973 [Worker-7: Launching mavenrun-b0adc0d8-5133-4290-85d7-babcf7dee08d] INFO  o.eclipse.m2e.core.internal.Bundles - 	Entry: C:\Users\Vishal Jadhav\Downloads\eclipse-java-2022-12-R-win32-x86_64\eclipse\plugins\com.google.guava_30.1.0.v20221112-0806.jar
2024-02-12 14:55:09,974 [Worker-7: Launching mavenrun-b0adc0d8-5133-4290-85d7-babcf7dee08d] INFO  o.eclipse.m2e.core.internal.Bundles - getClasspathEntries(Bundle=slf4j.api_1.7.36 [434])
2024-02-12 14:55:09,975 [Worker-7: Launching mavenrun-b0adc0d8-5133-4290-85d7-babcf7dee08d] INFO  o.eclipse.m2e.core.internal.Bundles - 	Entry: C:\Users\Vishal Jadhav\Downloads\eclipse-java-2022-12-R-win32-x86_64\eclipse\plugins\slf4j.api_1.7.36.jar
2024-02-12 14:55:09,975 [Worker-7: Launching mavenrun-b0adc0d8-5133-4290-85d7-babcf7dee08d] INFO  o.eclipse.m2e.core.internal.Bundles - getClasspathEntries(Bundle=javax.inject_1.0.0.v20220405-0441 [18])
2024-02-12 14:55:09,976 [Worker-7: Launching mavenrun-b0adc0d8-5133-4290-85d7-babcf7dee08d] INFO  o.eclipse.m2e.core.internal.Bundles - 	Entry: C:\Users\Vishal Jadhav\Downloads\eclipse-java-2022-12-R-win32-x86_64\eclipse\plugins\javax.inject_1.0.0.v20220405-0441.jar
2024-02-12 14:55:09,976 [Worker-7: Launching mavenrun-b0adc0d8-5133-4290-85d7-babcf7dee08d] INFO  o.eclipse.m2e.core.internal.Bundles - getClasspathEntries(Bundle=javax.annotation_1.3.5.v20221112-0806 [16])
2024-02-12 14:55:09,977 [Worker-7: Launching mavenrun-b0adc0d8-5133-4290-85d7-babcf7dee08d] INFO  o.eclipse.m2e.core.internal.Bundles - 	Entry: C:\Users\Vishal Jadhav\Downloads\eclipse-java-2022-12-R-win32-x86_64\eclipse\plugins\javax.annotation_1.3.5.v20221112-0806.jar
2024-02-12 14:55:10,024 [Worker-7: Launching mavenrun-b0adc0d8-5133-4290-85d7-babcf7dee08d] INFO  o.e.m.i.launch.MavenLaunchDelegate - Run build in "C:\Users\VISHAL~1\AppData\Local\Temp\m2e-archetypeGenerator17231950033896324253":
2024-02-12 14:55:10,027 [Worker-7: Launching mavenrun-b0adc0d8-5133-4290-85d7-babcf7dee08d] INFO  o.e.m.i.launch.MavenLaunchDelegate -  mvn  -DarchetypeGroupId=org.apache.maven.archetypes -DarchetypeArtifactId=maven-archetype-quickstart -DarchetypeVersion=1.4 -DgroupId=New -DartifactId=Learn_TestNG -Dversion=0.0.1-SNAPSHOT -Dpackage=New.Learn_TestNG -DoutputDirectory="C:\Users\Vishal Jadhav\eclipse-workspace\TestNG" -Dstyle.color=always -U archetype:generate
2024-02-12 14:55:35,069 [Worker-2: Creating maven-archetype-quickstart] INFO  o.e.m.c.i.p.ProjectConfigurationManager - Collecting project info '/pom.xml' C:\Users\Vishal Jadhav\eclipse-workspace\TestNG\Learn_TestNG\pom.xml
2024-02-12 14:55:36,207 [Worker-2: Creating maven-archetype-quickstart] INFO  o.e.m.c.i.l.LifecycleMappingFactory - Using org.eclipse.m2e.jdt.JarLifecycleMapping lifecycle mapping for MavenProject: New:Learn_TestNG:0.0.1-SNAPSHOT @ C:\Users\Vishal Jadhav\eclipse-workspace\TestNG\Learn_TestNG\pom.xml.
2024-02-12 14:55:36,918 [Worker-2: Creating maven-archetype-quickstart] INFO  o.e.m.j.i.AbstractJavaProjectConfigurator - Adding source folder /Learn_TestNG/src/main/java
2024-02-12 14:55:36,922 [Worker-2: Creating maven-archetype-quickstart] INFO  o.e.m.j.i.AbstractJavaProjectConfigurator - Adding source folder /Learn_TestNG/src/test/java
2024-02-12 14:55:37,014 [Worker-2: Creating maven-archetype-quickstart] INFO  o.e.m.c.i.p.ProjectConfigurationManager - Imported and configured 1 project(s) in 1 sec
2024-02-12 14:55:38,015 [Worker-1: Building] INFO  o.e.m.c.i.embedder.EclipseLogger - Using 'UTF-8' encoding to copy filtered resources.
2024-02-12 14:55:38,016 [Worker-1: Building] INFO  o.e.m.c.i.embedder.EclipseLogger - skip non existing resourceDirectory C:\Users\Vishal Jadhav\eclipse-workspace\TestNG\Learn_TestNG\src\main\resources
2024-02-12 14:55:38,019 [Worker-1: Building] INFO  o.e.m.c.i.embedder.EclipseLogger - Using 'UTF-8' encoding to copy filtered resources.
2024-02-12 14:55:38,019 [Worker-1: Building] INFO  o.e.m.c.i.embedder.EclipseLogger - skip non existing resourceDirectory C:\Users\Vishal Jadhav\eclipse-workspace\TestNG\Learn_TestNG\src\test\resources
2024-02-12 14:55:55,927 [Worker-7: Building] INFO  o.e.m.c.i.embedder.EclipseLogger - Using 'UTF-8' encoding to copy filtered resources.
2024-02-12 14:55:55,927 [Worker-7: Building] INFO  o.e.m.c.i.embedder.EclipseLogger - skip non existing resourceDirectory C:\Users\Vishal Jadhav\eclipse-workspace\TestNG\Learn_TestNG\src\main\resources
2024-02-12 14:55:55,930 [Worker-7: Building] INFO  o.e.m.c.i.embedder.EclipseLogger - Using 'UTF-8' encoding to copy filtered resources.
2024-02-12 14:55:55,930 [Worker-7: Building] INFO  o.e.m.c.i.embedder.EclipseLogger - skip non existing resourceDirectory C:\Users\Vishal Jadhav\eclipse-workspace\TestNG\Learn_TestNG\src\test\resources
2024-02-12 14:56:45,258 [Worker-13: Building] INFO  o.e.m.c.i.embedder.EclipseLogger - Using 'UTF-8' encoding to copy filtered resources.
2024-02-12 14:56:45,258 [Worker-13: Building] INFO  o.e.m.c.i.embedder.EclipseLogger - skip non existing resourceDirectory C:\Users\Vishal Jadhav\eclipse-workspace\TestNG\Learn_TestNG\src\main\resources
2024-02-12 14:56:45,260 [Worker-13: Building] INFO  o.e.m.c.i.embedder.EclipseLogger - Using 'UTF-8' encoding to copy filtered resources.
2024-02-12 14:56:45,261 [Worker-13: Building] INFO  o.e.m.c.i.embedder.EclipseLogger - skip non existing resourceDirectory C:\Users\Vishal Jadhav\eclipse-workspace\TestNG\Learn_TestNG\src\test\resources
2024-02-12 14:57:49,263 [Worker-2: Building] INFO  o.e.m.c.i.embedder.EclipseLogger - Using 'UTF-8' encoding to copy filtered resources.
2024-02-12 14:57:49,263 [Worker-2: Building] INFO  o.e.m.c.i.embedder.EclipseLogger - skip non existing resourceDirectory C:\Users\Vishal Jadhav\eclipse-workspace\TestNG\Learn_TestNG\src\main\resources
2024-02-12 14:57:49,265 [Worker-2: Building] INFO  o.e.m.c.i.embedder.EclipseLogger - Using 'UTF-8' encoding to copy filtered resources.
2024-02-12 14:57:49,266 [Worker-2: Building] INFO  o.e.m.c.i.embedder.EclipseLogger - skip non existing resourceDirectory C:\Users\Vishal Jadhav\eclipse-workspace\TestNG\Learn_TestNG\src\test\resources
2024-02-12 14:57:50,277 [Worker-1: Building] INFO  o.e.m.c.i.embedder.EclipseLogger - Using 'UTF-8' encoding to copy filtered resources.
2024-02-12 14:57:50,277 [Worker-1: Building] INFO  o.e.m.c.i.embedder.EclipseLogger - skip non existing resourceDirectory C:\Users\Vishal Jadhav\eclipse-workspace\TestNG\Learn_TestNG\src\main\resources
2024-02-12 14:57:50,279 [Worker-1: Building] INFO  o.e.m.c.i.embedder.EclipseLogger - Using 'UTF-8' encoding to copy filtered resources.
2024-02-12 14:57:50,280 [Worker-1: Building] INFO  o.e.m.c.i.embedder.EclipseLogger - skip non existing resourceDirectory C:\Users\Vishal Jadhav\eclipse-workspace\TestNG\Learn_TestNG\src\test\resources
2024-02-12 14:57:54,239 [Worker-1: Building] INFO  o.e.m.c.i.embedder.EclipseLogger - Using 'UTF-8' encoding to copy filtered resources.
2024-02-12 14:57:54,239 [Worker-1: Building] INFO  o.e.m.c.i.embedder.EclipseLogger - skip non existing resourceDirectory C:\Users\Vishal Jadhav\eclipse-workspace\TestNG\Learn_TestNG\src\main\resources
2024-02-12 14:57:54,242 [Worker-1: Building] INFO  o.e.m.c.i.embedder.EclipseLogger - Using 'UTF-8' encoding to copy filtered resources.
